<?xml version="1.0" encoding="UTF-8"?>
<!-- Generated by org.testng.reporters.JUnitXMLReporter -->
<testsuite ignored="3" hostname="lenovo-PC" failures="0" tests="1" name="Test 1" time="3.525" errors="0" timestamp="21 May 2023 04:12:00 GMT">
  <testcase classname="api.Products" name="postProducts" time="2.65"/>
  <testcase classname="api.Products" name="getProducts2" time="0.0">
    <ignored/>
  </testcase> <!-- getProducts2 -->
  <testcase classname="api.Products" name="getProducts3" time="0.0">
    <ignored/>
  </testcase> <!-- getProducts3 -->
  <testcase classname="api.Products" name="getProducts" time="0.0">
    <ignored/>
  </testcase> <!-- getProducts -->
</testsuite> <!-- Test 1 -->
